This is XeTeX, Version 3.141592653-2.6-0.999996 (TeX Live 2024/Arch Linux) (preloaded format=xelatex 2024.9.27)  6 NOV 2024 12:22
entering extended mode
 restricted \write18 enabled.
 %&-line parsing enabled.
**6.3.4/report.tex
(./6.3.4/report.tex
LaTeX2e <2023-11-01> patch level 1
L3 programming layer <2024-02-20>
(./prelude.tex (/usr/share/texmf-dist/tex/latex/extsizes/extarticle.cls
Document Class: extarticle 1996/10/08 v1.0 Non Standard LaTeX document class
(/usr/share/texmf-dist/tex/latex/extsizes/size14.clo
File: size14.clo 1999/11/11 v1.4a NON-Standard LaTeX file (size option)
)
(/usr/share/texmf-dist/tex/latex/base/exscale.sty
Package: exscale 2018/09/24 v2.1i Standard LaTeX package exscale
LaTeX Font Info:    Redeclaring symbol font `largesymbols' on input line 57.
LaTeX Font Info:    Overwriting symbol font `largesymbols' in version `normal'
(Font)                  OMX/cmex/m/n --> OMX/cmex/m/n on input line 57.
LaTeX Font Info:    Overwriting symbol font `largesymbols' in version `bold'
(Font)                  OMX/cmex/m/n --> OMX/cmex/m/n on input line 57.
\big@size=\dimen140
)
\c@part=\count184
\c@section=\count185
\c@subsection=\count186
\c@subsubsection=\count187
\c@paragraph=\count188
\c@subparagraph=\count189
\c@figure=\count190
\c@table=\count191
\abovecaptionskip=\skip48
\belowcaptionskip=\skip49
\bibindent=\dimen141
)
(/usr/share/texmf-dist/tex/latex/fontspec/fontspec.sty
(/usr/share/texmf-dist/tex/latex/l3packages/xparse/xparse.sty
(/usr/share/texmf-dist/tex/latex/l3kernel/expl3.sty
Package: expl3 2024-02-20 L3 programming layer (loader) 

(/usr/share/texmf-dist/tex/latex/l3backend/l3backend-xetex.def
File: l3backend-xetex.def 2024-02-20 L3 backend support: XeTeX
\g__graphics_track_int=\count192
\l__pdf_internal_box=\box51
\g__pdf_backend_object_int=\count193
\g__pdf_backend_annotation_int=\count194
\g__pdf_backend_link_int=\count195
))
Package: xparse 2024-02-18 L3 Experimental document command parser
)
Package: fontspec 2024/02/13 v2.9a Font selection for XeLaTeX and LuaLaTeX

(/usr/share/texmf-dist/tex/latex/fontspec/fontspec-xetex.sty
Package: fontspec-xetex 2024/02/13 v2.9a Font selection for XeLaTeX and LuaLaTe
X
\l__fontspec_script_int=\count196
\l__fontspec_language_int=\count197
\l__fontspec_strnum_int=\count198
\l__fontspec_tmp_int=\count199
\l__fontspec_tmpa_int=\count266
\l__fontspec_tmpb_int=\count267
\l__fontspec_tmpc_int=\count268
\l__fontspec_em_int=\count269
\l__fontspec_emdef_int=\count270
\l__fontspec_strong_int=\count271
\l__fontspec_strongdef_int=\count272
\l__fontspec_tmpa_dim=\dimen142
\l__fontspec_tmpb_dim=\dimen143
\l__fontspec_tmpc_dim=\dimen144

(/usr/share/texmf-dist/tex/latex/base/fontenc.sty
Package: fontenc 2021/04/29 v2.0v Standard LaTeX package
)
(/usr/share/texmf-dist/tex/latex/fontspec/fontspec.cfg)))

Package fontspec Info: Font family 'TimesNewRoman(0)' created for font 'Times
(fontspec)             New Roman' with options [Ligatures=TeX].
(fontspec)              
(fontspec)              This font family consists of the following NFSS
(fontspec)             series/shapes:
(fontspec)              
(fontspec)             - 'normal' (m/n) with NFSS spec.: <->"Times New
(fontspec)             Roman/OT:language=dflt;mapping=tex-text;"
(fontspec)             - 'small caps'  (m/sc) with NFSS spec.: 
(fontspec)             - 'bold' (b/n) with NFSS spec.: <->"Times New
(fontspec)             Roman/B/OT:language=dflt;mapping=tex-text;"
(fontspec)             - 'bold small caps'  (b/sc) with NFSS spec.: 
(fontspec)             - 'italic' (m/it) with NFSS spec.: <->"Times New
(fontspec)             Roman/I/OT:language=dflt;mapping=tex-text;"
(fontspec)             - 'italic small caps'  (m/scit) with NFSS spec.: 
(fontspec)             - 'bold italic' (b/it) with NFSS spec.: <->"Times New
(fontspec)             Roman/BI/OT:language=dflt;mapping=tex-text;"
(fontspec)             - 'bold italic small caps'  (b/scit) with NFSS spec.: 


(/usr/share/texmf-dist/tex/latex/geometry/geometry.sty
Package: geometry 2020/01/02 v5.9 Page Geometry

(/usr/share/texmf-dist/tex/latex/graphics/keyval.sty
Package: keyval 2022/05/29 v1.15 key=value parser (DPC)
\KV@toks@=\toks17
)
(/usr/share/texmf-dist/tex/generic/iftex/ifvtex.sty
Package: ifvtex 2019/10/25 v1.7 ifvtex legacy package. Use iftex instead.

(/usr/share/texmf-dist/tex/generic/iftex/iftex.sty
Package: iftex 2022/02/03 v1.0f TeX engine tests
))
\Gm@cnth=\count273
\Gm@cntv=\count274
\c@Gm@tempcnt=\count275
\Gm@bindingoffset=\dimen145
\Gm@wd@mp=\dimen146
\Gm@odd@mp=\dimen147
\Gm@even@mp=\dimen148
\Gm@layoutwidth=\dimen149
\Gm@layoutheight=\dimen150
\Gm@layouthoffset=\dimen151
\Gm@layoutvoffset=\dimen152
\Gm@dimlist=\toks18
)
(/usr/share/texmf-dist/tex/latex/setspace/setspace.sty
Package: setspace 2022/12/04 v6.7b set line spacing
)
(/usr/share/texmf-dist/tex/latex/tools/calc.sty
Package: calc 2023/07/08 v4.3 Infix arithmetic (KKT,FJ)
\calc@Acount=\count276
\calc@Bcount=\count277
\calc@Adimen=\dimen153
\calc@Bdimen=\dimen154
\calc@Askip=\skip50
\calc@Bskip=\skip51
LaTeX Info: Redefining \setlength on input line 80.
LaTeX Info: Redefining \addtolength on input line 81.
\calc@Ccount=\count278
\calc@Cskip=\skip52
)
(/usr/share/texmf-dist/tex/latex/enumitem/enumitem.sty
Package: enumitem 2019/06/20 v3.9 Customized lists
\labelindent=\skip53
\enit@outerparindent=\dimen155
\enit@toks=\toks19
\enit@inbox=\box52
\enit@count@id=\count279
\enitdp@description=\count280
)
(/usr/share/texmf-dist/tex/latex/caption/caption.sty
Package: caption 2023/08/05 v3.6o Customizing captions (AR)

(/usr/share/texmf-dist/tex/latex/caption/caption3.sty
Package: caption3 2023/07/31 v2.4d caption3 kernel (AR)
\caption@tempdima=\dimen156
\captionmargin=\dimen157
\caption@leftmargin=\dimen158
\caption@rightmargin=\dimen159
\caption@width=\dimen160
\caption@indent=\dimen161
\caption@parindent=\dimen162
\caption@hangindent=\dimen163
Package caption Info: Standard document class detected.
)
\c@caption@flags=\count281
\c@continuedfloat=\count282
)
(/usr/share/texmf-dist/tex/latex/graphics/graphicx.sty
Package: graphicx 2021/09/16 v1.2d Enhanced LaTeX Graphics (DPC,SPQR)

(/usr/share/texmf-dist/tex/latex/graphics/graphics.sty
Package: graphics 2022/03/10 v1.4e Standard LaTeX Graphics (DPC,SPQR)

(/usr/share/texmf-dist/tex/latex/graphics/trig.sty
Package: trig 2021/08/11 v1.11 sin cos tan (DPC)
)
(/usr/share/texmf-dist/tex/latex/graphics-cfg/graphics.cfg
File: graphics.cfg 2016/06/04 v1.11 sample graphics configuration
)
Package graphics Info: Driver file: xetex.def on input line 107.

(/usr/share/texmf-dist/tex/latex/graphics-def/xetex.def
File: xetex.def 2022/09/22 v5.0n Graphics/color driver for xetex
))
\Gin@req@height=\dimen164
\Gin@req@width=\dimen165
)
(/usr/share/texmf-dist/tex/latex/fancyhdr/fancyhdr.sty
Package: fancyhdr 2022/11/09 v4.1 Extensive control of page headers and footers

\f@nch@headwidth=\skip54
\f@nch@O@elh=\skip55
\f@nch@O@erh=\skip56
\f@nch@O@olh=\skip57
\f@nch@O@orh=\skip58
\f@nch@O@elf=\skip59
\f@nch@O@erf=\skip60
\f@nch@O@olf=\skip61
\f@nch@O@orf=\skip62
)
(/usr/share/texmf-dist/tex/latex/float/float.sty
Package: float 2001/11/08 v1.3d Float enhancements (AL)
\c@float@type=\count283
\float@exts=\toks20
\float@box=\box53
\@float@everytoks=\toks21
\@floatcapt=\box54
))
(/usr/share/texmf-dist/tex/latex/tabularray/tabularray.sty
Package: tabularray 2024-02-16 v2024A Typeset tabulars and arrays with LaTeX3
\l__tblr_a_int=\count284
\l__tblr_c_int=\count285
\l__tblr_r_int=\count286
\l__tblr_d_dim=\dimen166
\l__tblr_h_dim=\dimen167
\l__tblr_o_dim=\dimen168
\l__tblr_p_dim=\dimen169
\l__tblr_q_dim=\dimen170
\l__tblr_r_dim=\dimen171
\l__tblr_s_dim=\dimen172
\l__tblr_t_dim=\dimen173
\l__tblr_v_dim=\dimen174
\l__tblr_w_dim=\dimen175
\l__tblr_a_box=\box55
\l__tblr_b_box=\box56
\l__tblr_c_box=\box57
\l__tblr_d_box=\box58
\g__tblr_table_count_int=\count287
\c@rownum=\count288
\c@colnum=\count289
\c@rowcount=\count290
\c@colcount=\count291
\abovesep=\dimen176
\belowsep=\dimen177
\leftsep=\dimen178
\rightsep=\dimen179
\g_tblr_level_int=\count292
\g__tblr_data_row_key_count_int=\count293
\g__tblr_data_column_key_count_int=\count294
\g__tblr_data_cell_key_count_int=\count295
\g__tblr_array_int=\count296
\l__tblr_key_count_int=\count297
\l__tblr_key_quotient_int=\count298
\l__tblr_key_quotient_two_int=\count299
\l__tblr_key_remainder_int=\count300
\g__tblr_data_str_value_count_int=\count301
\rulewidth=\dimen180
\l__tblr_strut_dp_dim=\dimen181
\l__tblr_strut_ht_dim=\dimen182
\g__tblr_cell_wd_dim=\dimen183
\g__tblr_cell_ht_dim=\dimen184
\g__tblr_cell_head_dim=\dimen185
\g__tblr_cell_foot_dim=\dimen186
\l__column_target_dim=\dimen187
\l__tblr_caption_box=\box59
\l__tblr_caption_left_box=\box60
\l__tblr_row_head_box=\box61
\l__tblr_row_foot_box=\box62
\l__tblr_row_head_foot_dim=\dimen188
\tablewidth=\dimen189
\l__tblr_table_firsthead_box=\box63
\l__tblr_table_middlehead_box=\box64
\l__tblr_table_lasthead_box=\box65
\l__tblr_table_firstfoot_box=\box66
\l__tblr_table_middlefoot_box=\box67
\l__tblr_table_lastfoot_box=\box68
\l__tblr_remain_height_dim=\dimen190
\l__tblr_long_from_int=\count302
\l__tblr_long_to_int=\count303
\l__tblr_curr_i_int=\count304
\l__tblr_prev_i_int=\count305
\l__tblr_table_page_int=\count306
\l__tblr_table_head_box=\box69
\l__tblr_table_foot_box=\box70
\l__tblr_table_head_foot_dim=\dimen191
\l__tblr_table_head_body_foot_dim=\dimen192
\l__tblr_table_box=\box71
\l__tblr_table_hlines_box=\box72
\l__tblr_hline_box=\box73
\l__tblr_row_box=\box74
\l__tblr_col_o_wd_dim=\dimen193
\l__tblr_col_b_wd_dim=\dimen194
\l__tblr_hline_leftskip_dim=\dimen195
\l__tblr_hline_rightskip_dim=\dimen196
\l__tblr_row_ht_dim=\dimen197
\l__tblr_row_dp_dim=\dimen198
\l__tblr_row_abovesep_dim=\dimen199
\l__tblr_row_belowsep_dim=\dimen256
\l__tblr_row_vlines_box=\box75
\l__tblr_vline_box=\box76
\l__tblr_cell_box=\box77
\l__row_upper_dim=\dimen257
\l__row_lower_dim=\dimen258
\l__row_vpace_dim=\dimen259
\l__tblr_vline_aboveskip_dim=\dimen260
\l__tblr_vline_belowskip_dim=\dimen261
\l__tblr_cell_wd_dim=\dimen262
\l__tblr_cell_ht_dim=\dimen263
\l__tblr_diag_box=\box78
) (6.3.4/report.aux)
\openout1 = `report.aux'.

LaTeX Font Info:    Checking defaults for OML/cmm/m/it on input line 3.
LaTeX Font Info:    ... okay on input line 3.
LaTeX Font Info:    Checking defaults for OMS/cmsy/m/n on input line 3.
LaTeX Font Info:    ... okay on input line 3.
LaTeX Font Info:    Checking defaults for OT1/cmr/m/n on input line 3.
LaTeX Font Info:    ... okay on input line 3.
LaTeX Font Info:    Checking defaults for T1/cmr/m/n on input line 3.
LaTeX Font Info:    ... okay on input line 3.
LaTeX Font Info:    Checking defaults for TS1/cmr/m/n on input line 3.
LaTeX Font Info:    Trying to load font information for TS1+cmr on input line 3
.

(/usr/share/texmf-dist/tex/latex/base/ts1cmr.fd
File: ts1cmr.fd 2023/04/13 v2.5m Standard LaTeX font definitions
)
LaTeX Font Info:    ... okay on input line 3.
LaTeX Font Info:    Checking defaults for TU/lmr/m/n on input line 3.
LaTeX Font Info:    ... okay on input line 3.
LaTeX Font Info:    Checking defaults for OMX/cmex/m/n on input line 3.
LaTeX Font Info:    ... okay on input line 3.
LaTeX Font Info:    Checking defaults for U/cmr/m/n on input line 3.
LaTeX Font Info:    ... okay on input line 3.

Package fontspec Info: Adjusting the maths setup (use [no-math] to avoid
(fontspec)             this).

\symlegacymaths=\mathgroup4
LaTeX Font Info:    Overwriting symbol font `legacymaths' in version `bold'
(Font)                  OT1/cmr/m/n --> OT1/cmr/bx/n on input line 3.
LaTeX Font Info:    Redeclaring math accent \acute on input line 3.
LaTeX Font Info:    Redeclaring math accent \grave on input line 3.
LaTeX Font Info:    Redeclaring math accent \ddot on input line 3.
LaTeX Font Info:    Redeclaring math accent \tilde on input line 3.
LaTeX Font Info:    Redeclaring math accent \bar on input line 3.
LaTeX Font Info:    Redeclaring math accent \breve on input line 3.
LaTeX Font Info:    Redeclaring math accent \check on input line 3.
LaTeX Font Info:    Redeclaring math accent \hat on input line 3.
LaTeX Font Info:    Redeclaring math accent \dot on input line 3.
LaTeX Font Info:    Redeclaring math accent \mathring on input line 3.
LaTeX Font Info:    Redeclaring math symbol \colon on input line 3.
LaTeX Font Info:    Redeclaring math symbol \Gamma on input line 3.
LaTeX Font Info:    Redeclaring math symbol \Delta on input line 3.
LaTeX Font Info:    Redeclaring math symbol \Theta on input line 3.
LaTeX Font Info:    Redeclaring math symbol \Lambda on input line 3.
LaTeX Font Info:    Redeclaring math symbol \Xi on input line 3.
LaTeX Font Info:    Redeclaring math symbol \Pi on input line 3.
LaTeX Font Info:    Redeclaring math symbol \Sigma on input line 3.
LaTeX Font Info:    Redeclaring math symbol \Upsilon on input line 3.
LaTeX Font Info:    Redeclaring math symbol \Phi on input line 3.
LaTeX Font Info:    Redeclaring math symbol \Psi on input line 3.
LaTeX Font Info:    Redeclaring math symbol \Omega on input line 3.
LaTeX Font Info:    Redeclaring math symbol \mathdollar on input line 3.
LaTeX Font Info:    Redeclaring symbol font `operators' on input line 3.
LaTeX Font Info:    Encoding `OT1' has changed to `TU' for symbol font
(Font)              `operators' in the math version `normal' on input line 3.
LaTeX Font Info:    Overwriting symbol font `operators' in version `normal'
(Font)                  OT1/cmr/m/n --> TU/TimesNewRoman(0)/m/n on input line 3
.
LaTeX Font Info:    Encoding `OT1' has changed to `TU' for symbol font
(Font)              `operators' in the math version `bold' on input line 3.
LaTeX Font Info:    Overwriting symbol font `operators' in version `bold'
(Font)                  OT1/cmr/bx/n --> TU/TimesNewRoman(0)/m/n on input line 
3.
LaTeX Font Info:    Overwriting symbol font `operators' in version `normal'
(Font)                  TU/TimesNewRoman(0)/m/n --> TU/TimesNewRoman(0)/m/n on 
input line 3.
LaTeX Font Info:    Overwriting math alphabet `\mathit' in version `normal'
(Font)                  OT1/cmr/m/it --> TU/TimesNewRoman(0)/m/it on input line
 3.
LaTeX Font Info:    Overwriting math alphabet `\mathbf' in version `normal'
(Font)                  OT1/cmr/bx/n --> TU/TimesNewRoman(0)/b/n on input line 
3.
LaTeX Font Info:    Overwriting math alphabet `\mathsf' in version `normal'
(Font)                  OT1/cmss/m/n --> TU/lmss/m/n on input line 3.
LaTeX Font Info:    Overwriting math alphabet `\mathtt' in version `normal'
(Font)                  OT1/cmtt/m/n --> TU/lmtt/m/n on input line 3.
LaTeX Font Info:    Overwriting symbol font `operators' in version `bold'
(Font)                  TU/TimesNewRoman(0)/m/n --> TU/TimesNewRoman(0)/b/n on 
input line 3.
LaTeX Font Info:    Overwriting math alphabet `\mathit' in version `bold'
(Font)                  OT1/cmr/bx/it --> TU/TimesNewRoman(0)/b/it on input lin
e 3.
LaTeX Font Info:    Overwriting math alphabet `\mathsf' in version `bold'
(Font)                  OT1/cmss/bx/n --> TU/lmss/b/n on input line 3.
LaTeX Font Info:    Overwriting math alphabet `\mathtt' in version `bold'
(Font)                  OT1/cmtt/m/n --> TU/lmtt/b/n on input line 3.

*geometry* driver: auto-detecting
*geometry* detected driver: xetex
*geometry* verbose mode - [ preamble ] result:
* driver: xetex
* paper: a4paper
* layout: <same size as paper>
* layoutoffset:(h,v)=(0.0pt,0.0pt)
* modes: 
* h-part:(L,W,R)=(85.35826pt, 469.47049pt, 42.67912pt)
* v-part:(T,H,B)=(56.9055pt, 731.23584pt, 56.9055pt)
* \paperwidth=597.50787pt
* \paperheight=845.04684pt
* \textwidth=469.47049pt
* \textheight=731.23584pt
* \oddsidemargin=13.08827pt
* \evensidemargin=13.08827pt
* \topmargin=-54.36449pt
* \headheight=14.0pt
* \headsep=25.0pt
* \topskip=14.0pt
* \footskip=30.0pt
* \marginparwidth=24.0pt
* \marginparsep=10.0pt
* \columnsep=10.0pt
* \skip\footins=12.0pt plus 4.0pt minus 2.0pt
* \hoffset=0.0pt
* \voffset=0.0pt
* \mag=1000
* \@twocolumnfalse
* \@twosidefalse
* \@mparswitchfalse
* \@reversemarginfalse
* (1in=72.27pt=25.4mm, 1cm=28.453pt)

Package caption Info: Begin \AtBeginDocument code.
Package caption Info: float package is loaded.
Package caption Info: End \AtBeginDocument code.
(./6.3.4/title.tex [1

])
Underfull \hbox (badness 10000) in paragraph at lines 25--26
[]\TU/TimesNewRoman(0)/m/n/14.4 Провести анализ скорости загрузки страницы всех
 сайтов-
 []


Underfull \hbox (badness 1817) in paragraph at lines 28--29
[]\TU/TimesNewRoman(0)/m/n/14.4 Проверить подобранный контент на уникальность. 
Указать в
 []


Underfull \hbox (badness 10000) in paragraph at lines 37--38
[]\TU/TimesNewRoman(0)/m/n/14.4 Веб-интерфейс - интерфейс, с которым взаимодейс
твует
 []


Underfull \hbox (badness 1048) in paragraph at lines 40--41
[]\TU/TimesNewRoman(0)/m/n/14.4 Скорость загрузки страницы - время, необходимое
 для полной
 []

[2]
Underfull \hbox (badness 10000) in paragraph at lines 44--45
[]\TU/TimesNewRoman(0)/m/n/14.4 Эмоциональность изображений - способность изобр
ажений
 []


Underfull \hbox (badness 1715) in paragraph at lines 45--46
[]\TU/TimesNewRoman(0)/m/n/14.4 Стиль и палитра - визуальные характеристики, оп
ределяющие
 []


Underfull \hbox (badness 1024) in paragraph at lines 45--46
\TU/TimesNewRoman(0)/m/n/14.4 внешний вид графического контента в соответствии 
с темой сайта или
 []


Underfull \hbox (badness 1803) in paragraph at lines 48--49
[]\TU/TimesNewRoman(0)/m/n/14.4 Критерии подбора изображений - основные принцип
ы выбора
 []

File: 6.3.4/models/auto_diag1.png Graphic file (type bmp)
<6.3.4/models/auto_diag1.png>

Overfull \hbox (6.79999pt too wide) in paragraph at lines 57--58
[][] 
 []

LaTeX Font Info:    External font `cmex7' loaded for size
(Font)              <7> on input line 58.
File: 6.3.4/models/auto_diag2.png Graphic file (type bmp)
<6.3.4/models/auto_diag2.png>

Overfull \hbox (6.79999pt too wide) in paragraph at lines 63--64
[][] 
 []

[3]
File: 6.3.4/models/auto_diag3.png Graphic file (type bmp)
<6.3.4/models/auto_diag3.png>

Overfull \hbox (6.79999pt too wide) in paragraph at lines 69--70
[][] 
 []

[4]
File: 6.3.4/models/auto_diag4.png Graphic file (type bmp)
<6.3.4/models/auto_diag4.png>

Overfull \hbox (6.79999pt too wide) in paragraph at lines 75--76
[][] 
 []

[5]
Underfull \hbox (badness 1701) in paragraph at lines 79--80
[]\TU/TimesNewRoman(0)/m/n/14.4 На сайте присутствуют изображения неподходящего
 размера, и в
 []

File: 6.3.4/models/drom_diag1.png Graphic file (type bmp)
<6.3.4/models/drom_diag1.png>

Overfull \hbox (6.79999pt too wide) in paragraph at lines 86--87
[][] 
 []

[6]
File: 6.3.4/models/drom_diag2.png Graphic file (type bmp)
<6.3.4/models/drom_diag2.png>

Overfull \hbox (6.79999pt too wide) in paragraph at lines 92--93
[][] 
 []

File: 6.3.4/models/drom_diag3.png Graphic file (type bmp)
<6.3.4/models/drom_diag3.png>

Overfull \hbox (6.79999pt too wide) in paragraph at lines 98--99
[][] 
 []

[7]
File: 6.3.4/models/drom_diag4.png Graphic file (type bmp)
<6.3.4/models/drom_diag4.png>

Overfull \hbox (6.79999pt too wide) in paragraph at lines 104--105
[][] 
 []

[8]
Underfull \hbox (badness 6348) in paragraph at lines 108--109
[]\TU/TimesNewRoman(0)/m/n/14.4 На сайте присутствуют изображения неподходящего
 размера, в
 []


Underfull \hbox (badness 7486) in paragraph at lines 108--109
\TU/TimesNewRoman(0)/m/n/14.4 несовременных форматах, в неэффективной кодировке
. Суммарная
 []

File: 6.3.4/models/sberauto_diag1.png Graphic file (type bmp)
<6.3.4/models/sberauto_diag1.png>

Overfull \hbox (6.79999pt too wide) in paragraph at lines 115--116
[][] 
 []

[9]
File: 6.3.4/models/sberauto_diag2.png Graphic file (type bmp)
<6.3.4/models/sberauto_diag2.png>

Overfull \hbox (6.79999pt too wide) in paragraph at lines 121--122
[][] 
 []

File: 6.3.4/models/sberauto_diag3.png Graphic file (type bmp)
<6.3.4/models/sberauto_diag3.png>

Overfull \hbox (6.79999pt too wide) in paragraph at lines 127--128
[][] 
 []

[10]
File: 6.3.4/models/sberauto_diag4.png Graphic file (type bmp)
<6.3.4/models/sberauto_diag4.png>

Overfull \hbox (6.79999pt too wide) in paragraph at lines 133--134
[][] 
 []

[11]
File: 6.3.4/models/sberauto_diag5.png Graphic file (type bmp)
<6.3.4/models/sberauto_diag5.png>

Overfull \hbox (6.79999pt too wide) in paragraph at lines 139--140
[][] 
 []

[12]
Underfull \hbox (badness 10000) in paragraph at lines 143--144
[]\TU/TimesNewRoman(0)/m/n/14.4 На сайте присутствуют изображения неподходящего
 размера.
 []

File: 6.3.4/models/mobile_diag1.png Graphic file (type bmp)
<6.3.4/models/mobile_diag1.png>

Overfull \hbox (6.79999pt too wide) in paragraph at lines 150--151
[][] 
 []

File: 6.3.4/models/mobile_diag2.png Graphic file (type bmp)
<6.3.4/models/mobile_diag2.png>

Overfull \hbox (6.79999pt too wide) in paragraph at lines 156--157
[][] 
 []

[13]
File: 6.3.4/models/mobile_diag3.png Graphic file (type bmp)
<6.3.4/models/mobile_diag3.png>

Overfull \hbox (6.79999pt too wide) in paragraph at lines 162--163
[][] 
 []

[14]
File: 6.3.4/models/mobile_diag4.png Graphic file (type bmp)
<6.3.4/models/mobile_diag4.png>

Overfull \hbox (6.79999pt too wide) in paragraph at lines 168--169
[][] 
 []

[15]
Underfull \hbox (badness 6348) in paragraph at lines 172--173
[]\TU/TimesNewRoman(0)/m/n/14.4 На сайте присутствуют изображения неподходящего
 размера, в
 []

File: 6.3.4/models/autoscout24_diag1.png Graphic file (type bmp)
<6.3.4/models/autoscout24_diag1.png>

Overfull \hbox (6.79999pt too wide) in paragraph at lines 179--180
[][] 
 []

[16]
File: 6.3.4/models/autoscout24_diag2.png Graphic file (type bmp)
<6.3.4/models/autoscout24_diag2.png>

Overfull \hbox (6.79999pt too wide) in paragraph at lines 185--186
[][] 
 []

File: 6.3.4/models/autoscout24_diag3.png Graphic file (type bmp)
<6.3.4/models/autoscout24_diag3.png>

Overfull \hbox (6.79999pt too wide) in paragraph at lines 191--192
[][] 
 []

[17]
File: 6.3.4/models/autoscout24_diag4.png Graphic file (type bmp)
<6.3.4/models/autoscout24_diag4.png>

Overfull \hbox (6.79999pt too wide) in paragraph at lines 197--198
[][] 
 []

[18]
LaTeX Font Info:    External font `cmex7' loaded for size
(Font)              <6> on input line 208.

Underfull \hbox (badness 10000) in paragraph at lines 221--222
[]\TU/TimesNewRoman(0)/m/n/14.4 Учитывая тематику, стиль, палитру, целевую ауди
торию были
 []

[19]
File: 6.3.4/models/nature.jpg Graphic file (type bmp)
<6.3.4/models/nature.jpg>

Overfull \hbox (6.79999pt too wide) in paragraph at lines 225--226
[][] 
 []

File: 6.3.4/models/step_mashina_loshadi.jpg Graphic file (type bmp)
<6.3.4/models/step_mashina_loshadi.jpg>

Overfull \hbox (6.79999pt too wide) in paragraph at lines 232--233
[][] 
 []

File: 6.3.4/models/nature_tineye.png Graphic file (type bmp)
<6.3.4/models/nature_tineye.png>

Overfull \hbox (6.79999pt too wide) in paragraph at lines 241--242
[][] 
 []

[20]
File: 6.3.4/models/step_tineye.png Graphic file (type bmp)
<6.3.4/models/step_tineye.png>

Overfull \hbox (6.79999pt too wide) in paragraph at lines 248--249
[][] 
 []

File: 6.3.4/models/tables.png Graphic file (type bmp)
<6.3.4/models/tables.png>
File: 6.3.4/models/figma2.png Graphic file (type bmp)
<6.3.4/models/figma2.png>

Overfull \hbox (6.79999pt too wide) in paragraph at lines 261--262
[][] 
 []

[21]
File: 6.3.4/models/figma1.png Graphic file (type bmp)
<6.3.4/models/figma1.png>

Overfull \hbox (6.79999pt too wide) in paragraph at lines 268--269
[][] 
 []

! Misplaced alignment tab character &.
l.273 ...w8qqDFUKFnCIDQb1ri/Untitled?node-id=54-4&
                                                  t=OsjLYGum8sn4em53-1
I can't figure out why you would want to use a tab mark
here. If you just want an ampersand, the remedy is
simple: Just type `I\&' now. But if some right brace
up above has ended a previous alignment prematurely,
you're probably due for more error messages, and you
might try typing `S' now just to see what is salvageable.


Overfull \hbox (12.92415pt too wide) in paragraph at lines 273--274
[]\TU/TimesNewRoman(0)/m/n/14.4 https://www.figma.com/design/25STw8qqDFUKFnCIDQ
b1ri/Untitled?node-
 []

[22]
Underfull \hbox (badness 10000) in paragraph at lines 278--279
[]\TU/TimesNewRoman(0)/m/n/14.4 Какими критериями определяется подбор изобразит
ельного
 []


Underfull \hbox (badness 2368) in paragraph at lines 280--282
[]\TU/TimesNewRoman(0)/m/n/14.4 Соответствие тематике, соответствие аудитории, 
соответствие стилю и
 []


Underfull \hbox (badness 1048) in paragraph at lines 280--282
\TU/TimesNewRoman(0)/m/n/14.4 палитре, соответствие высокому качеству, уникальн
ость, эмоциональная
 []


Underfull \hbox (badness 6364) in paragraph at lines 288--289
[]\TU/TimesNewRoman(0)/m/n/14.4 На что необходимо опираться при выборе фотограф
ических
 []


Underfull \hbox (badness 10000) in paragraph at lines 290--291
[]\TU/TimesNewRoman(0)/m/n/14.4 На качество изображения, соответствие тематике,
 стиль должен
 []


Underfull \hbox (badness 10000) in paragraph at lines 291--292
[]\TU/TimesNewRoman(0)/m/n/14.4 Какие существуют рекомендации разрешению и «вес
у»
 []


Underfull \hbox (badness 3364) in paragraph at lines 296--297
[]\TU/TimesNewRoman(0)/m/n/14.4 Сжатие изображения без потери качества, подгонк
а под необходимые
 []

[23] (6.3.4/report.aux)
 ***********
LaTeX2e <2023-11-01> patch level 1
L3 programming layer <2024-02-20>
 ***********
 ) 
Here is how much of TeX's memory you used:
 8493 strings out of 476026
 215922 string characters out of 5795041
 1926839 words of memory out of 5000000
 30472 multiletter control sequences out of 15000+600000
 562784 words of font info for 73 fonts, out of 8000000 for 9000
 682 hyphenation exceptions out of 8191
 84i,11n,96p,279b,328s stack positions out of 10000i,1000n,20000p,200000b,200000s

Output written on 6.3.4/report.pdf (23 pages).
