This is XeTeX, Version 3.141592653-2.6-0.999996 (TeX Live 2024/Arch Linux) (preloaded format=xelatex 2024.9.27)  5 NOV 2024 14:03
entering extended mode
 restricted \write18 enabled.
 %&-line parsing enabled.
**6.3.1/report.tex
(./6.3.1/report.tex
LaTeX2e <2023-11-01> patch level 1
L3 programming layer <2024-02-20>
(./prelude.tex (/usr/share/texmf-dist/tex/latex/extsizes/extarticle.cls
Document Class: extarticle 1996/10/08 v1.0 Non Standard LaTeX document class
(/usr/share/texmf-dist/tex/latex/extsizes/size14.clo
File: size14.clo 1999/11/11 v1.4a NON-Standard LaTeX file (size option)
)
(/usr/share/texmf-dist/tex/latex/base/exscale.sty
Package: exscale 2018/09/24 v2.1i Standard LaTeX package exscale
LaTeX Font Info:    Redeclaring symbol font `largesymbols' on input line 57.
LaTeX Font Info:    Overwriting symbol font `largesymbols' in version `normal'
(Font)                  OMX/cmex/m/n --> OMX/cmex/m/n on input line 57.
LaTeX Font Info:    Overwriting symbol font `largesymbols' in version `bold'
(Font)                  OMX/cmex/m/n --> OMX/cmex/m/n on input line 57.
\big@size=\dimen140
)
\c@part=\count184
\c@section=\count185
\c@subsection=\count186
\c@subsubsection=\count187
\c@paragraph=\count188
\c@subparagraph=\count189
\c@figure=\count190
\c@table=\count191
\abovecaptionskip=\skip48
\belowcaptionskip=\skip49
\bibindent=\dimen141
)
(/usr/share/texmf-dist/tex/latex/fontspec/fontspec.sty
(/usr/share/texmf-dist/tex/latex/l3packages/xparse/xparse.sty
(/usr/share/texmf-dist/tex/latex/l3kernel/expl3.sty
Package: expl3 2024-02-20 L3 programming layer (loader) 

(/usr/share/texmf-dist/tex/latex/l3backend/l3backend-xetex.def
File: l3backend-xetex.def 2024-02-20 L3 backend support: XeTeX
\g__graphics_track_int=\count192
\l__pdf_internal_box=\box51
\g__pdf_backend_object_int=\count193
\g__pdf_backend_annotation_int=\count194
\g__pdf_backend_link_int=\count195
))
Package: xparse 2024-02-18 L3 Experimental document command parser
)
Package: fontspec 2024/02/13 v2.9a Font selection for XeLaTeX and LuaLaTeX

(/usr/share/texmf-dist/tex/latex/fontspec/fontspec-xetex.sty
Package: fontspec-xetex 2024/02/13 v2.9a Font selection for XeLaTeX and LuaLaTe
X
\l__fontspec_script_int=\count196
\l__fontspec_language_int=\count197
\l__fontspec_strnum_int=\count198
\l__fontspec_tmp_int=\count199
\l__fontspec_tmpa_int=\count266
\l__fontspec_tmpb_int=\count267
\l__fontspec_tmpc_int=\count268
\l__fontspec_em_int=\count269
\l__fontspec_emdef_int=\count270
\l__fontspec_strong_int=\count271
\l__fontspec_strongdef_int=\count272
\l__fontspec_tmpa_dim=\dimen142
\l__fontspec_tmpb_dim=\dimen143
\l__fontspec_tmpc_dim=\dimen144

(/usr/share/texmf-dist/tex/latex/base/fontenc.sty
Package: fontenc 2021/04/29 v2.0v Standard LaTeX package
)
(/usr/share/texmf-dist/tex/latex/fontspec/fontspec.cfg)))

Package fontspec Info: Font family 'TimesNewRoman(0)' created for font 'Times
(fontspec)             New Roman' with options [Ligatures=TeX].
(fontspec)              
(fontspec)              This font family consists of the following NFSS
(fontspec)             series/shapes:
(fontspec)              
(fontspec)             - 'normal' (m/n) with NFSS spec.: <->"Times New
(fontspec)             Roman/OT:language=dflt;mapping=tex-text;"
(fontspec)             - 'small caps'  (m/sc) with NFSS spec.: 
(fontspec)             - 'bold' (b/n) with NFSS spec.: <->"Times New
(fontspec)             Roman/B/OT:language=dflt;mapping=tex-text;"
(fontspec)             - 'bold small caps'  (b/sc) with NFSS spec.: 
(fontspec)             - 'italic' (m/it) with NFSS spec.: <->"Times New
(fontspec)             Roman/I/OT:language=dflt;mapping=tex-text;"
(fontspec)             - 'italic small caps'  (m/scit) with NFSS spec.: 
(fontspec)             - 'bold italic' (b/it) with NFSS spec.: <->"Times New
(fontspec)             Roman/BI/OT:language=dflt;mapping=tex-text;"
(fontspec)             - 'bold italic small caps'  (b/scit) with NFSS spec.: 


(/usr/share/texmf-dist/tex/latex/geometry/geometry.sty
Package: geometry 2020/01/02 v5.9 Page Geometry

(/usr/share/texmf-dist/tex/latex/graphics/keyval.sty
Package: keyval 2022/05/29 v1.15 key=value parser (DPC)
\KV@toks@=\toks17
)
(/usr/share/texmf-dist/tex/generic/iftex/ifvtex.sty
Package: ifvtex 2019/10/25 v1.7 ifvtex legacy package. Use iftex instead.

(/usr/share/texmf-dist/tex/generic/iftex/iftex.sty
Package: iftex 2022/02/03 v1.0f TeX engine tests
))
\Gm@cnth=\count273
\Gm@cntv=\count274
\c@Gm@tempcnt=\count275
\Gm@bindingoffset=\dimen145
\Gm@wd@mp=\dimen146
\Gm@odd@mp=\dimen147
\Gm@even@mp=\dimen148
\Gm@layoutwidth=\dimen149
\Gm@layoutheight=\dimen150
\Gm@layouthoffset=\dimen151
\Gm@layoutvoffset=\dimen152
\Gm@dimlist=\toks18
)
(/usr/share/texmf-dist/tex/latex/setspace/setspace.sty
Package: setspace 2022/12/04 v6.7b set line spacing
)
(/usr/share/texmf-dist/tex/latex/tools/calc.sty
Package: calc 2023/07/08 v4.3 Infix arithmetic (KKT,FJ)
\calc@Acount=\count276
\calc@Bcount=\count277
\calc@Adimen=\dimen153
\calc@Bdimen=\dimen154
\calc@Askip=\skip50
\calc@Bskip=\skip51
LaTeX Info: Redefining \setlength on input line 80.
LaTeX Info: Redefining \addtolength on input line 81.
\calc@Ccount=\count278
\calc@Cskip=\skip52
)
(/usr/share/texmf-dist/tex/latex/enumitem/enumitem.sty
Package: enumitem 2019/06/20 v3.9 Customized lists
\labelindent=\skip53
\enit@outerparindent=\dimen155
\enit@toks=\toks19
\enit@inbox=\box52
\enit@count@id=\count279
\enitdp@description=\count280
)
(/usr/share/texmf-dist/tex/latex/caption/caption.sty
Package: caption 2023/08/05 v3.6o Customizing captions (AR)

(/usr/share/texmf-dist/tex/latex/caption/caption3.sty
Package: caption3 2023/07/31 v2.4d caption3 kernel (AR)
\caption@tempdima=\dimen156
\captionmargin=\dimen157
\caption@leftmargin=\dimen158
\caption@rightmargin=\dimen159
\caption@width=\dimen160
\caption@indent=\dimen161
\caption@parindent=\dimen162
\caption@hangindent=\dimen163
Package caption Info: Standard document class detected.
)
\c@caption@flags=\count281
\c@continuedfloat=\count282
)
(/usr/share/texmf-dist/tex/latex/graphics/graphicx.sty
Package: graphicx 2021/09/16 v1.2d Enhanced LaTeX Graphics (DPC,SPQR)

(/usr/share/texmf-dist/tex/latex/graphics/graphics.sty
Package: graphics 2022/03/10 v1.4e Standard LaTeX Graphics (DPC,SPQR)

(/usr/share/texmf-dist/tex/latex/graphics/trig.sty
Package: trig 2021/08/11 v1.11 sin cos tan (DPC)
)
(/usr/share/texmf-dist/tex/latex/graphics-cfg/graphics.cfg
File: graphics.cfg 2016/06/04 v1.11 sample graphics configuration
)
Package graphics Info: Driver file: xetex.def on input line 107.

(/usr/share/texmf-dist/tex/latex/graphics-def/xetex.def
File: xetex.def 2022/09/22 v5.0n Graphics/color driver for xetex
))
\Gin@req@height=\dimen164
\Gin@req@width=\dimen165
)
(/usr/share/texmf-dist/tex/latex/fancyhdr/fancyhdr.sty
Package: fancyhdr 2022/11/09 v4.1 Extensive control of page headers and footers

\f@nch@headwidth=\skip54
\f@nch@O@elh=\skip55
\f@nch@O@erh=\skip56
\f@nch@O@olh=\skip57
\f@nch@O@orh=\skip58
\f@nch@O@elf=\skip59
\f@nch@O@erf=\skip60
\f@nch@O@olf=\skip61
\f@nch@O@orf=\skip62
)
(/usr/share/texmf-dist/tex/latex/float/float.sty
Package: float 2001/11/08 v1.3d Float enhancements (AL)
\c@float@type=\count283
\float@exts=\toks20
\float@box=\box53
\@float@everytoks=\toks21
\@floatcapt=\box54
))
(/usr/share/texmf-dist/tex/latex/tabularray/tabularray.sty
Package: tabularray 2024-02-16 v2024A Typeset tabulars and arrays with LaTeX3
\l__tblr_a_int=\count284
\l__tblr_c_int=\count285
\l__tblr_r_int=\count286
\l__tblr_d_dim=\dimen166
\l__tblr_h_dim=\dimen167
\l__tblr_o_dim=\dimen168
\l__tblr_p_dim=\dimen169
\l__tblr_q_dim=\dimen170
\l__tblr_r_dim=\dimen171
\l__tblr_s_dim=\dimen172
\l__tblr_t_dim=\dimen173
\l__tblr_v_dim=\dimen174
\l__tblr_w_dim=\dimen175
\l__tblr_a_box=\box55
\l__tblr_b_box=\box56
\l__tblr_c_box=\box57
\l__tblr_d_box=\box58
\g__tblr_table_count_int=\count287
\c@rownum=\count288
\c@colnum=\count289
\c@rowcount=\count290
\c@colcount=\count291
\abovesep=\dimen176
\belowsep=\dimen177
\leftsep=\dimen178
\rightsep=\dimen179
\g_tblr_level_int=\count292
\g__tblr_data_row_key_count_int=\count293
\g__tblr_data_column_key_count_int=\count294
\g__tblr_data_cell_key_count_int=\count295
\g__tblr_array_int=\count296
\l__tblr_key_count_int=\count297
\l__tblr_key_quotient_int=\count298
\l__tblr_key_quotient_two_int=\count299
\l__tblr_key_remainder_int=\count300
\g__tblr_data_str_value_count_int=\count301
\rulewidth=\dimen180
\l__tblr_strut_dp_dim=\dimen181
\l__tblr_strut_ht_dim=\dimen182
\g__tblr_cell_wd_dim=\dimen183
\g__tblr_cell_ht_dim=\dimen184
\g__tblr_cell_head_dim=\dimen185
\g__tblr_cell_foot_dim=\dimen186
\l__column_target_dim=\dimen187
\l__tblr_caption_box=\box59
\l__tblr_caption_left_box=\box60
\l__tblr_row_head_box=\box61
\l__tblr_row_foot_box=\box62
\l__tblr_row_head_foot_dim=\dimen188
\tablewidth=\dimen189
\l__tblr_table_firsthead_box=\box63
\l__tblr_table_middlehead_box=\box64
\l__tblr_table_lasthead_box=\box65
\l__tblr_table_firstfoot_box=\box66
\l__tblr_table_middlefoot_box=\box67
\l__tblr_table_lastfoot_box=\box68
\l__tblr_remain_height_dim=\dimen190
\l__tblr_long_from_int=\count302
\l__tblr_long_to_int=\count303
\l__tblr_curr_i_int=\count304
\l__tblr_prev_i_int=\count305
\l__tblr_table_page_int=\count306
\l__tblr_table_head_box=\box69
\l__tblr_table_foot_box=\box70
\l__tblr_table_head_foot_dim=\dimen191
\l__tblr_table_head_body_foot_dim=\dimen192
\l__tblr_table_box=\box71
\l__tblr_table_hlines_box=\box72
\l__tblr_hline_box=\box73
\l__tblr_row_box=\box74
\l__tblr_col_o_wd_dim=\dimen193
\l__tblr_col_b_wd_dim=\dimen194
\l__tblr_hline_leftskip_dim=\dimen195
\l__tblr_hline_rightskip_dim=\dimen196
\l__tblr_row_ht_dim=\dimen197
\l__tblr_row_dp_dim=\dimen198
\l__tblr_row_abovesep_dim=\dimen199
\l__tblr_row_belowsep_dim=\dimen256
\l__tblr_row_vlines_box=\box75
\l__tblr_vline_box=\box76
\l__tblr_cell_box=\box77
\l__row_upper_dim=\dimen257
\l__row_lower_dim=\dimen258
\l__row_vpace_dim=\dimen259
\l__tblr_vline_aboveskip_dim=\dimen260
\l__tblr_vline_belowskip_dim=\dimen261
\l__tblr_cell_wd_dim=\dimen262
\l__tblr_cell_ht_dim=\dimen263
\l__tblr_diag_box=\box78
) (6.3.1/report.aux)
\openout1 = `report.aux'.

LaTeX Font Info:    Checking defaults for OML/cmm/m/it on input line 3.
LaTeX Font Info:    ... okay on input line 3.
LaTeX Font Info:    Checking defaults for OMS/cmsy/m/n on input line 3.
LaTeX Font Info:    ... okay on input line 3.
LaTeX Font Info:    Checking defaults for OT1/cmr/m/n on input line 3.
LaTeX Font Info:    ... okay on input line 3.
LaTeX Font Info:    Checking defaults for T1/cmr/m/n on input line 3.
LaTeX Font Info:    ... okay on input line 3.
LaTeX Font Info:    Checking defaults for TS1/cmr/m/n on input line 3.
LaTeX Font Info:    Trying to load font information for TS1+cmr on input line 3
.

(/usr/share/texmf-dist/tex/latex/base/ts1cmr.fd
File: ts1cmr.fd 2023/04/13 v2.5m Standard LaTeX font definitions
)
LaTeX Font Info:    ... okay on input line 3.
LaTeX Font Info:    Checking defaults for TU/lmr/m/n on input line 3.
LaTeX Font Info:    ... okay on input line 3.
LaTeX Font Info:    Checking defaults for OMX/cmex/m/n on input line 3.
LaTeX Font Info:    ... okay on input line 3.
LaTeX Font Info:    Checking defaults for U/cmr/m/n on input line 3.
LaTeX Font Info:    ... okay on input line 3.

Package fontspec Info: Adjusting the maths setup (use [no-math] to avoid
(fontspec)             this).

\symlegacymaths=\mathgroup4
LaTeX Font Info:    Overwriting symbol font `legacymaths' in version `bold'
(Font)                  OT1/cmr/m/n --> OT1/cmr/bx/n on input line 3.
LaTeX Font Info:    Redeclaring math accent \acute on input line 3.
LaTeX Font Info:    Redeclaring math accent \grave on input line 3.
LaTeX Font Info:    Redeclaring math accent \ddot on input line 3.
LaTeX Font Info:    Redeclaring math accent \tilde on input line 3.
LaTeX Font Info:    Redeclaring math accent \bar on input line 3.
LaTeX Font Info:    Redeclaring math accent \breve on input line 3.
LaTeX Font Info:    Redeclaring math accent \check on input line 3.
LaTeX Font Info:    Redeclaring math accent \hat on input line 3.
LaTeX Font Info:    Redeclaring math accent \dot on input line 3.
LaTeX Font Info:    Redeclaring math accent \mathring on input line 3.
LaTeX Font Info:    Redeclaring math symbol \colon on input line 3.
LaTeX Font Info:    Redeclaring math symbol \Gamma on input line 3.
LaTeX Font Info:    Redeclaring math symbol \Delta on input line 3.
LaTeX Font Info:    Redeclaring math symbol \Theta on input line 3.
LaTeX Font Info:    Redeclaring math symbol \Lambda on input line 3.
LaTeX Font Info:    Redeclaring math symbol \Xi on input line 3.
LaTeX Font Info:    Redeclaring math symbol \Pi on input line 3.
LaTeX Font Info:    Redeclaring math symbol \Sigma on input line 3.
LaTeX Font Info:    Redeclaring math symbol \Upsilon on input line 3.
LaTeX Font Info:    Redeclaring math symbol \Phi on input line 3.
LaTeX Font Info:    Redeclaring math symbol \Psi on input line 3.
LaTeX Font Info:    Redeclaring math symbol \Omega on input line 3.
LaTeX Font Info:    Redeclaring math symbol \mathdollar on input line 3.
LaTeX Font Info:    Redeclaring symbol font `operators' on input line 3.
LaTeX Font Info:    Encoding `OT1' has changed to `TU' for symbol font
(Font)              `operators' in the math version `normal' on input line 3.
LaTeX Font Info:    Overwriting symbol font `operators' in version `normal'
(Font)                  OT1/cmr/m/n --> TU/TimesNewRoman(0)/m/n on input line 3
.
LaTeX Font Info:    Encoding `OT1' has changed to `TU' for symbol font
(Font)              `operators' in the math version `bold' on input line 3.
LaTeX Font Info:    Overwriting symbol font `operators' in version `bold'
(Font)                  OT1/cmr/bx/n --> TU/TimesNewRoman(0)/m/n on input line 
3.
LaTeX Font Info:    Overwriting symbol font `operators' in version `normal'
(Font)                  TU/TimesNewRoman(0)/m/n --> TU/TimesNewRoman(0)/m/n on 
input line 3.
LaTeX Font Info:    Overwriting math alphabet `\mathit' in version `normal'
(Font)                  OT1/cmr/m/it --> TU/TimesNewRoman(0)/m/it on input line
 3.
LaTeX Font Info:    Overwriting math alphabet `\mathbf' in version `normal'
(Font)                  OT1/cmr/bx/n --> TU/TimesNewRoman(0)/b/n on input line 
3.
LaTeX Font Info:    Overwriting math alphabet `\mathsf' in version `normal'
(Font)                  OT1/cmss/m/n --> TU/lmss/m/n on input line 3.
LaTeX Font Info:    Overwriting math alphabet `\mathtt' in version `normal'
(Font)                  OT1/cmtt/m/n --> TU/lmtt/m/n on input line 3.
LaTeX Font Info:    Overwriting symbol font `operators' in version `bold'
(Font)                  TU/TimesNewRoman(0)/m/n --> TU/TimesNewRoman(0)/b/n on 
input line 3.
LaTeX Font Info:    Overwriting math alphabet `\mathit' in version `bold'
(Font)                  OT1/cmr/bx/it --> TU/TimesNewRoman(0)/b/it on input lin
e 3.
LaTeX Font Info:    Overwriting math alphabet `\mathsf' in version `bold'
(Font)                  OT1/cmss/bx/n --> TU/lmss/b/n on input line 3.
LaTeX Font Info:    Overwriting math alphabet `\mathtt' in version `bold'
(Font)                  OT1/cmtt/m/n --> TU/lmtt/b/n on input line 3.

*geometry* driver: auto-detecting
*geometry* detected driver: xetex
*geometry* verbose mode - [ preamble ] result:
* driver: xetex
* paper: a4paper
* layout: <same size as paper>
* layoutoffset:(h,v)=(0.0pt,0.0pt)
* modes: 
* h-part:(L,W,R)=(85.35826pt, 469.47049pt, 42.67912pt)
* v-part:(T,H,B)=(56.9055pt, 731.23584pt, 56.9055pt)
* \paperwidth=597.50787pt
* \paperheight=845.04684pt
* \textwidth=469.47049pt
* \textheight=731.23584pt
* \oddsidemargin=13.08827pt
* \evensidemargin=13.08827pt
* \topmargin=-54.36449pt
* \headheight=14.0pt
* \headsep=25.0pt
* \topskip=14.0pt
* \footskip=30.0pt
* \marginparwidth=24.0pt
* \marginparsep=10.0pt
* \columnsep=10.0pt
* \skip\footins=12.0pt plus 4.0pt minus 2.0pt
* \hoffset=0.0pt
* \voffset=0.0pt
* \mag=1000
* \@twocolumnfalse
* \@twosidefalse
* \@mparswitchfalse
* \@reversemarginfalse
* (1in=72.27pt=25.4mm, 1cm=28.453pt)

Package caption Info: Begin \AtBeginDocument code.
Package caption Info: float package is loaded.
Package caption Info: End \AtBeginDocument code.
(./6.3.1/title.tex [1

])
Underfull \hbox (badness 1831) in paragraph at lines 19--21
\TU/TimesNewRoman(0)/m/n/14.4 сохранения контраста элементов при просмотре людь
ми с различными
 []


Underfull \hbox (badness 4608) in paragraph at lines 27--28
\TU/TimesNewRoman(0)/m/n/14.4 сайта (моб. приложения) с учетом аномалий цветово
го восприятия
 []


Underfull \hbox (badness 10000) in paragraph at lines 36--37
[]\TU/TimesNewRoman(0)/m/n/14.4 Цветовая слепота (дальтонизм) – неспособность р
азличать
 []


Underfull \hbox (badness 1902) in paragraph at lines 36--37
\TU/TimesNewRoman(0)/m/n/14.4 типы дальтонизма, такие как протанопия, дейтерано
пия и тританопия,
 []


Underfull \hbox (badness 1038) in paragraph at lines 37--38
\TU/TimesNewRoman(0)/m/n/14.4 основных цветов (красного, зеленого или синего). 
Этот тип аномалии
 []


Underfull \hbox (badness 7631) in paragraph at lines 38--39
\TU/TimesNewRoman(0)/m/n/14.4 стандарт, регламентирующий доступность веб-контен
та для людей с
 []

[2]
Underfull \hbox (badness 1968) in paragraph at lines 39--40
[]\TU/TimesNewRoman(0)/m/n/14.4 Контрастность – степень различимости элементов 
интерфейса,
 []


Underfull \hbox (badness 10000) in paragraph at lines 39--40
\TU/TimesNewRoman(0)/m/n/14.4 ключевая для обеспечения читаемости и восприятия 
элементов
 []


Underfull \hbox (badness 5878) in paragraph at lines 39--40
\TU/TimesNewRoman(0)/m/n/14.4 пользователями с нарушениями цвета. Высокий контр
аст помогает
 []


Underfull \hbox (badness 10000) in paragraph at lines 40--41
[]\TU/TimesNewRoman(0)/m/n/14.4 Симулятор цветовых аномалий – программное обесп
ечение
 []


Underfull \hbox (badness 1337) in paragraph at lines 40--41
\TU/TimesNewRoman(0)/m/n/14.4 (например, Colorfilter или Coblis), которое показ
ывает, как интерфейсы
 []


Underfull \hbox (badness 1270) in paragraph at lines 49--50
\TU/TimesNewRoman(0)/m/n/14.4 из подходов заключается в использовании как цвето
в, так и символов,
 []

File: 6.3.1/models/color_symbol.png Graphic file (type bmp)
<6.3.1/models/color_symbol.png>

Overfull \hbox (6.79999pt too wide) in paragraph at lines 53--54
[][] 
 []

LaTeX Font Info:    External font `cmex7' loaded for size
(Font)              <7> on input line 55.
[3] [4]
File: 6.3.1/models/minimalism.png Graphic file (type bmp)
<6.3.1/models/minimalism.png>

Overfull \hbox (6.79999pt too wide) in paragraph at lines 64--65
[][] 
 []

File: 6.3.1/models/minimalism2.png Graphic file (type bmp)
<6.3.1/models/minimalism2.png>

Overfull \hbox (6.79999pt too wide) in paragraph at lines 71--72
[][] 
 []

[5]
Underfull \hbox (badness 1292) in paragraph at lines 78--79
\TU/TimesNewRoman(0)/m/n/14.4 для слепых пользователей интерпретировать графики
 и диаграммы. В
 []

File: 6.3.1/models/texture.png Graphic file (type bmp)
<6.3.1/models/texture.png>

Overfull \hbox (6.79999pt too wide) in paragraph at lines 82--83
[][] 
 []

[6]
Underfull \hbox (badness 1072) in paragraph at lines 88--89
\TU/TimesNewRoman(0)/m/n/14.4 контрастные цвета, попробуйте использовать ряд ко
нтрастных цветов и
 []

File: 6.3.1/models/contrast.png Graphic file (type bmp)
<6.3.1/models/contrast.png>

Overfull \hbox (6.79999pt too wide) in paragraph at lines 92--93
[][] 
 []

[7]
Underfull \hbox (badness 2020) in paragraph at lines 115--118
\TU/TimesNewRoman(0)/m/n/14.4 помочь обеспечить хорошую контрастность. Например
, черный текст
 []


Underfull \hbox (badness 3354) in paragraph at lines 115--118
\TU/TimesNewRoman(0)/m/n/14.4 на белом фоне обычно обеспечивает высокую контрас
тность. Ниже
 []

[8]
File: 6.3.1/models/81.png Graphic file (type bmp)
<6.3.1/models/81.png>

Overfull \hbox (6.79999pt too wide) in paragraph at lines 121--122
[][] 
 []

File: 6.3.1/models/81_2.png Graphic file (type bmp)
<6.3.1/models/81_2.png>

Overfull \hbox (6.79999pt too wide) in paragraph at lines 128--129
[][] 
 []

File: 6.3.1/models/dkz1.png Graphic file (type bmp)
<6.3.1/models/dkz1.png>

Overfull \hbox (6.79999pt too wide) in paragraph at lines 135--136
[][] 
 []

[9]
File: 6.3.1/models/dkz2.png Graphic file (type bmp)
<6.3.1/models/dkz2.png>

Overfull \hbox (6.79999pt too wide) in paragraph at lines 142--143
[][] 
 []

[10]
File: 6.3.1/models/drom_protanopia.png Graphic file (type bmp)
<6.3.1/models/drom_protanopia.png>

Overfull \hbox (6.79999pt too wide) in paragraph at lines 149--150
[][] 
 []

[11]
File: 6.3.1/models/drom_deu.png Graphic file (type bmp)
<6.3.1/models/drom_deu.png>

Overfull \hbox (6.79999pt too wide) in paragraph at lines 156--157
[][] 
 []

File: 6.3.1/models/drom_tri.png Graphic file (type bmp)
<6.3.1/models/drom_tri.png>

Overfull \hbox (6.79999pt too wide) in paragraph at lines 163--164
[][] 
 []

File: 6.3.1/models/drom_ach.png Graphic file (type bmp)
<6.3.1/models/drom_ach.png>

Overfull \hbox (6.79999pt too wide) in paragraph at lines 170--171
[][] 
 []

[12]
File: 6.3.1/models/sber_protanopia.png Graphic file (type bmp)
<6.3.1/models/sber_protanopia.png>

Overfull \hbox (6.79999pt too wide) in paragraph at lines 177--178
[][] 
 []

File: 6.3.1/models/sber_deu.png Graphic file (type bmp)
<6.3.1/models/sber_deu.png>

Overfull \hbox (6.79999pt too wide) in paragraph at lines 184--185
[][] 
 []

File: 6.3.1/models/sber_tri.png Graphic file (type bmp)
<6.3.1/models/sber_tri.png>

Overfull \hbox (6.79999pt too wide) in paragraph at lines 191--192
[][] 
 []

[13]
File: 6.3.1/models/sber_ach.png Graphic file (type bmp)
<6.3.1/models/sber_ach.png>

Overfull \hbox (6.79999pt too wide) in paragraph at lines 198--199
[][] 
 []

File: 6.3.1/models/mobile_protanopia.png Graphic file (type bmp)
<6.3.1/models/mobile_protanopia.png>

Overfull \hbox (6.79999pt too wide) in paragraph at lines 205--206
[][] 
 []

File: 6.3.1/models/mobile_deu.png Graphic file (type bmp)
<6.3.1/models/mobile_deu.png>

Overfull \hbox (6.79999pt too wide) in paragraph at lines 212--213
[][] 
 []

[14]
File: 6.3.1/models/mobile_tri.png Graphic file (type bmp)
<6.3.1/models/mobile_tri.png>

Overfull \hbox (6.79999pt too wide) in paragraph at lines 219--220
[][] 
 []

File: 6.3.1/models/mobile_ach.png Graphic file (type bmp)
<6.3.1/models/mobile_ach.png>

Overfull \hbox (6.79999pt too wide) in paragraph at lines 226--227
[][] 
 []

File: 6.3.1/models/autoscout24_protanopia.png Graphic file (type bmp)
<6.3.1/models/autoscout24_protanopia.png>

Overfull \hbox (6.79999pt too wide) in paragraph at lines 233--234
[][] 
 []

[15]
File: 6.3.1/models/autoscout24_deu.png Graphic file (type bmp)
<6.3.1/models/autoscout24_deu.png>

Overfull \hbox (6.79999pt too wide) in paragraph at lines 240--241
[][] 
 []

File: 6.3.1/models/autoscout24_tri.png Graphic file (type bmp)
<6.3.1/models/autoscout24_tri.png>

Overfull \hbox (6.79999pt too wide) in paragraph at lines 247--248
[][] 
 []

File: 6.3.1/models/autoscout24_ach.png Graphic file (type bmp)
<6.3.1/models/autoscout24_ach.png>

Overfull \hbox (6.79999pt too wide) in paragraph at lines 254--255
[][] 
 []

[16]
File: 6.3.1/models/avito.png Graphic file (type bmp)
<6.3.1/models/avito.png>

Overfull \hbox (6.79999pt too wide) in paragraph at lines 261--262
[][] 
 []

File: 6.3.1/models/avito_deu.png Graphic file (type bmp)
<6.3.1/models/avito_deu.png>

Overfull \hbox (6.79999pt too wide) in paragraph at lines 268--269
[][] 
 []

[17]
File: 6.3.1/models/avito_tri.png Graphic file (type bmp)
<6.3.1/models/avito_tri.png>

Overfull \hbox (6.79999pt too wide) in paragraph at lines 275--276
[][] 
 []

File: 6.3.1/models/avito_gray.png Graphic file (type bmp)
<6.3.1/models/avito_gray.png>

Overfull \hbox (6.79999pt too wide) in paragraph at lines 282--283
[][] 
 []

[18]
Underfull \hbox (badness 2735) in paragraph at lines 295--296
[]\TU/TimesNewRoman(0)/m/n/14.4 Ослабленное восприятие определенного цвета (кра
сного, зеленого или
 []


Underfull \hbox (badness 3547) in paragraph at lines 298--299
[]\TU/TimesNewRoman(0)/m/n/14.4 Полное отсутствие восприятия одного из основных
 цветов (красного,
 []


Underfull \hbox (badness 10000) in paragraph at lines 299--300
[]\TU/TimesNewRoman(0)/m/n/14.4 Какие существуют рекомендации (правила) по диза
йну
 []


Underfull \hbox (badness 1715) in paragraph at lines 299--300
\TU/TimesNewRoman(0)/m/n/14.4 интерфейсов, которые помогут людям с нарушениями 
цветовосприятия
 []


Underfull \hbox (badness 4899) in paragraph at lines 301--302
\TU/TimesNewRoman(0)/m/n/14.4 цветовую палитру. Избегать градиентов, во избежан
ии затруднения
 []

[19]
Underfull \hbox (badness 10000) in paragraph at lines 302--303
[]\TU/TimesNewRoman(0)/m/n/14.4 Как аномалии цветового восприятия учитываются п
ри
 []


Underfull \hbox (badness 3861) in paragraph at lines 302--303
\TU/TimesNewRoman(0)/m/n/14.4 проектировании веб-ресурсов? Каких базовых правил
 рекомендуется
 []


Underfull \hbox (badness 10000) in paragraph at lines 304--305
[]\TU/TimesNewRoman(0)/m/n/14.4 При проектировании сайтов важно учитывать, что 
пользователи с
 []


Underfull \hbox (badness 3333) in paragraph at lines 304--305
\TU/TimesNewRoman(0)/m/n/14.4 аномалиями цвета различают цвета по яркости и кон
трасту. Важно
 []


Underfull \hbox (badness 10000) in paragraph at lines 307--308
[]\TU/TimesNewRoman(0)/m/n/14.4 WCAG определяет международные рекомендации по о
беспечению
 []


Underfull \hbox (badness 1454) in paragraph at lines 307--308
\TU/TimesNewRoman(0)/m/n/14.4 доступности веб-контента для людей с ограниченным
и возможностями,
 []


Underfull \hbox (badness 1509) in paragraph at lines 307--308
\TU/TimesNewRoman(0)/m/n/14.4 включая тех, у кого есть нарушения цветового восп
риятия. Стандарт
 []


Underfull \hbox (badness 10000) in paragraph at lines 307--308
\TU/TimesNewRoman(0)/m/n/14.4 описывает методы повышения контрастности текста, 
использования
 []


Underfull \hbox (badness 4739) in paragraph at lines 307--308
\TU/TimesNewRoman(0)/m/n/14.4 альтернативных методов визуальной передачи информ
ации (например,
 []

[20] (6.3.1/report.aux)
 ***********
LaTeX2e <2023-11-01> patch level 1
L3 programming layer <2024-02-20>
 ***********
 ) 
Here is how much of TeX's memory you used:
 8472 strings out of 476026
 214562 string characters out of 5795041
 1925839 words of memory out of 5000000
 30462 multiletter control sequences out of 15000+600000
 559577 words of font info for 59 fonts, out of 8000000 for 9000
 682 hyphenation exceptions out of 8191
 84i,11n,96p,469b,452s stack positions out of 10000i,1000n,20000p,200000b,200000s

Output written on 6.3.1/report.pdf (20 pages).
